<?xml version="1.0" encoding="UTF-8"?>
<testng-results ignored="0" total="1" passed="1" failed="0" skipped="0">
  <reporter-output>
  </reporter-output>
  <suite started-at="2025-09-21T12:14:24 IST" name="Default suite" finished-at="2025-09-21T12:14:37 IST" duration-ms="13205">
    <groups>
    </groups>
    <test started-at="2025-09-21T12:14:24 IST" name="Default test" finished-at="2025-09-21T12:14:37 IST" duration-ms="13205">
      <class name="tests.LoginTest">
        <test-method is-config="true" signature="setupReport()[pri:0, instance:tests.LoginTest@4009e306]" started-at="2025-09-21T12:14:24 IST" name="setupReport" finished-at="2025-09-21T12:14:24 IST" duration-ms="567" status="PASS">
          <reporter-output>
          </reporter-output>
        </test-method> <!-- setupReport -->
        <test-method is-config="true" signature="browserOpen()[pri:0, instance:tests.LoginTest@4009e306]" started-at="2025-09-21T12:14:24 IST" name="browserOpen" finished-at="2025-09-21T12:14:33 IST" duration-ms="8885" status="PASS">
          <reporter-output>
          </reporter-output>
        </test-method> <!-- browserOpen -->
        <test-method signature="testValidLogin()[pri:0, instance:tests.LoginTest@4009e306]" started-at="2025-09-21T12:14:33 IST" name="testValidLogin" finished-at="2025-09-21T12:14:37 IST" duration-ms="4005" status="PASS">
          <reporter-output>
          </reporter-output>
        </test-method> <!-- testValidLogin -->
        <test-method is-config="true" signature="tearDown(org.testng.ITestResult)[pri:0, instance:tests.LoginTest@4009e306]" started-at="2025-09-21T12:14:37 IST" name="tearDown" finished-at="2025-09-21T12:14:37 IST" duration-ms="241" status="PASS">
          <params>
            <param index="0">
              <value>
                <![CDATA[[TestResult name=testValidLogin status=SUCCESS method=LoginTest.testValidLogin()[pri:0, instance:tests.LoginTest@4009e306] output={null}]]]>
              </value>
            </param>
          </params>
          <reporter-output>
          </reporter-output>
        </test-method> <!-- tearDown -->
        <test-method is-config="true" signature="tearDownreport()[pri:0, instance:tests.LoginTest@4009e306]" started-at="2025-09-21T12:14:38 IST" name="tearDownreport" finished-at="2025-09-21T12:14:45 IST" duration-ms="6982" status="PASS">
          <reporter-output>
          </reporter-output>
        </test-method> <!-- tearDownreport -->
      </class> <!-- tests.LoginTest -->
    </test> <!-- Default test -->
  </suite> <!-- Default suite -->
</testng-results>
