<?xml version="1.0" encoding="UTF-8"?>
<testng-results ignored="0" total="1" passed="1" failed="0" skipped="0">
  <reporter-output>
  </reporter-output>
  <suite started-at="2025-09-19T22:10:20 IST" name="LoginSuite" finished-at="2025-09-19T22:10:26 IST" duration-ms="5873">
    <groups>
    </groups>
    <test started-at="2025-09-19T22:10:20 IST" name="LoginTest" finished-at="2025-09-19T22:10:26 IST" duration-ms="5873">
      <class name="tests.LoginTest">
        <test-method is-config="true" signature="browserOpen()[pri:0, instance:tests.LoginTest@30c15d8b]" started-at="2025-09-19T22:10:20 IST" name="browserOpen" finished-at="2025-09-19T22:10:22 IST" duration-ms="2370" status="PASS">
          <reporter-output>
          </reporter-output>
        </test-method> <!-- browserOpen -->
        <test-method signature="testValidLogin()[pri:0, instance:tests.LoginTest@30c15d8b]" started-at="2025-09-19T22:10:22 IST" name="testValidLogin" finished-at="2025-09-19T22:10:25 IST" duration-ms="3277" status="PASS">
          <reporter-output>
          </reporter-output>
        </test-method> <!-- testValidLogin -->
        <test-method is-config="true" signature="tearDown()[pri:0, instance:tests.LoginTest@30c15d8b]" started-at="2025-09-19T22:10:25 IST" name="tearDown" finished-at="2025-09-19T22:10:26 IST" duration-ms="180" status="PASS">
          <reporter-output>
          </reporter-output>
        </test-method> <!-- tearDown -->
      </class> <!-- tests.LoginTest -->
    </test> <!-- LoginTest -->
  </suite> <!-- LoginSuite -->
</testng-results>
